<?xml version="1.0" encoding="UTF-8"?>
<testng-results ignored="0" total="1" passed="1" failed="0" skipped="0">
  <reporter-output>
  </reporter-output>
  <suite started-at="2024-11-14T21:29:23 IST" name="Default suite" finished-at="2024-11-14T21:29:45 IST" duration-ms="21739">
    <groups>
    </groups>
    <test started-at="2024-11-14T21:29:23 IST" name="Default test" finished-at="2024-11-14T21:29:45 IST" duration-ms="21739">
      <class name="pkgtest.TestPage">
        <test-method is-config="true" signature="setup()[pri:0, instance:pkgtest.TestPage@662ac478]" started-at="2024-11-14T21:29:23 IST" name="setup" finished-at="2024-11-14T21:29:25 IST" duration-ms="1890" status="PASS">
          <reporter-output>
          </reporter-output>
        </test-method> <!-- setup -->
        <test-method is-config="true" signature="login()[pri:0, instance:pkgtest.TestPage@662ac478]" started-at="2024-11-14T21:29:25 IST" name="login" finished-at="2024-11-14T21:29:30 IST" duration-ms="4921" status="PASS">
          <reporter-output>
          </reporter-output>
        </test-method> <!-- login -->
        <test-method signature="test1()[pri:0, instance:pkgtest.TestPage@662ac478]" started-at="2024-11-14T21:29:30 IST" name="test1" finished-at="2024-11-14T21:29:45 IST" duration-ms="14887" status="PASS">
          <reporter-output>
          </reporter-output>
        </test-method> <!-- test1 -->
      </class> <!-- pkgtest.TestPage -->
    </test> <!-- Default test -->
  </suite> <!-- Default suite -->
</testng-results>
